Using pre-set license
Built from '2021.2/staging' branch; Version is '2021.2.6f1 (8c4e826ba445) revision 9195138'; Using compiler version '192829333'; Build Type 'Release'
OS: 'Windows 11  (10.0.22000) 64bit CoreSingleLanguage' Language: 'en' Physical Memory: 7541 MB
BatchMode: 1, IsHumanControllingUs: 0, StartBugReporterOnCrash: 0, Is64bit: 1, IsPro: 0

COMMAND LINE ARGUMENTS:
C:\Program Files\Unity\Hub\Editor\2021.2.6f1\Editor\Unity.exe
-adb2
-batchMode
-noUpm
-name
AssetImportWorker2
-projectPath
C:/Users/engan/OneDrive/Desktop/ANIL SIR CLASS/RunRacePrototype
-logFile
Logs/AssetImportWorker2.log
-srvPort
55492
Successfully changed project path to: C:/Users/engan/OneDrive/Desktop/ANIL SIR CLASS/RunRacePrototype
C:/Users/engan/OneDrive/Desktop/ANIL SIR CLASS/RunRacePrototype
[UnityMemory] Configuration Parameters - Can be set up in boot.config
    "memorysetup-bucket-allocator-granularity=16"
    "memorysetup-bucket-allocator-bucket-count=8"
    "memorysetup-bucket-allocator-block-size=33554432"
    "memorysetup-bucket-allocator-block-count=8"
    "memorysetup-main-allocator-block-size=16777216"
    "memorysetup-thread-allocator-block-size=16777216"
    "memorysetup-gfx-main-allocator-block-size=16777216"
    "memorysetup-gfx-thread-allocator-block-size=16777216"
    "memorysetup-cache-allocator-block-size=4194304"
    "memorysetup-typetree-allocator-block-size=2097152"
    "memorysetup-profiler-bucket-allocator-granularity=16"
    "memorysetup-profiler-bucket-allocator-bucket-count=8"
    "memorysetup-profiler-bucket-allocator-block-size=33554432"
    "memorysetup-profiler-bucket-allocator-block-count=8"
    "memorysetup-profiler-allocator-block-size=16777216"
    "memorysetup-profiler-editor-allocator-block-size=1048576"
    "memorysetup-temp-allocator-size-main=16777216"
    "memorysetup-job-temp-allocator-block-size=2097152"
    "memorysetup-job-temp-allocator-block-size-background=1048576"
    "memorysetup-job-temp-allocator-reduction-small-platforms=262144"
    "memorysetup-temp-allocator-size-background-worker=32768"
    "memorysetup-temp-allocator-size-job-worker=262144"
    "memorysetup-temp-allocator-size-preload-manager=33554432"
    "memorysetup-temp-allocator-size-nav-mesh-worker=65536"
    "memorysetup-temp-allocator-size-audio-worker=65536"
    "memorysetup-temp-allocator-size-cloud-worker=32768"
    "memorysetup-temp-allocator-size-gi-baking-worker=262144"
    "memorysetup-temp-allocator-size-gfx=262144"
Refreshing native plugins compatible for Editor in 121.70 ms, found 3 plugins.
Preloading 0 native plugins for Editor in 0.00 ms.
Initialize engine version: 2021.2.6f1 (8c4e826ba445)
[Subsystems] Discovering subsystems at path C:/Program Files/Unity/Hub/Editor/2021.2.6f1/Editor/Data/Resources/UnitySubsystems
[Subsystems] Discovering subsystems at path C:/Users/engan/OneDrive/Desktop/ANIL SIR CLASS/RunRacePrototype/Assets
GfxDevice: creating device client; threaded=0; jobified=0
Direct3D:
    Version:  Direct3D 11.0 [level 11.1]
    Renderer: NVIDIA GeForce GTX 1650 Ti (ID=0x1f95)
    Vendor:   NVIDIA
    VRAM:     3962 MB
    Driver:   30.0.15.1123
Initialize mono
Mono path[0] = 'C:/Program Files/Unity/Hub/Editor/2021.2.6f1/Editor/Data/Managed'
Mono path[1] = 'C:/Program Files/Unity/Hub/Editor/2021.2.6f1/Editor/Data/MonoBleedingEdge/lib/mono/unityjit-win32'
Mono config path = 'C:/Program Files/Unity/Hub/Editor/2021.2.6f1/Editor/Data/MonoBleedingEdge/etc'
Using monoOptions --debugger-agent=transport=dt_socket,embedding=1,server=y,suspend=n,address=127.0.0.1:56456
Begin MonoManager ReloadAssembly
Registering precompiled unity dll's ...
Register platform support module: C:/Program Files/Unity/Hub/Editor/2021.2.6f1/Editor/Data/PlaybackEngines/WindowsStandaloneSupport/UnityEditor.WindowsStandalone.Extensions.dll
Registered in 0.004134 seconds.
Native extension for WindowsStandalone target not found
Refreshing native plugins compatible for Editor in 92.57 ms, found 3 plugins.
Preloading 0 native plugins for Editor in 0.00 ms.
Mono: successfully reloaded assembly
- Completed reload, in  0.669 seconds
Domain Reload Profiling:
	ReloadAssembly (670ms)
		BeginReloadAssembly (90ms)
			ExecutionOrderSort (0ms)
			DisableScriptedObjects (0ms)
			BackupInstance (0ms)
			ReleaseScriptingObjects (0ms)
			CreateAndSetChildDomain (1ms)
		EndReloadAssembly (504ms)
			LoadAssemblies (86ms)
			RebuildTransferFunctionScriptingTraits (0ms)
			SetupTypeCache (106ms)
			ReleaseScriptCaches (0ms)
			RebuildScriptCaches (39ms)
			SetupLoadedEditorAssemblies (305ms)
				LogAssemblyErrors (0ms)
				InitializePlatformSupportModulesInManaged (16ms)
				SetLoadedEditorAssemblies (0ms)
				RefreshPlugins (93ms)
				BeforeProcessingInitializeOnLoad (1ms)
				ProcessInitializeOnLoadAttributes (144ms)
				ProcessInitializeOnLoadMethodAttributes (50ms)
				AfterProcessingInitializeOnLoad (0ms)
				EditorAssembliesLoaded (0ms)
			ExecutionOrderSort2 (0ms)
			AwakeInstancesAfterBackupRestoration (0ms)
Platform modules already initialized, skipping
Registering precompiled user dll's ...
Registered in 0.005274 seconds.
Begin MonoManager ReloadAssembly
Symbol file LoadedFromMemory doesn't match image C:\Users\engan\OneDrive\Desktop\ANIL SIR CLASS\RunRacePrototype\Library\PackageCache\com.unity.visualscripting@1.7.5\Editor\VisualScripting.Core\Dependencies\YamlDotNet\Unity.VisualScripting.YamlDotNet.dll
Symbol file LoadedFromMemory doesn't match image C:\Users\engan\OneDrive\Desktop\ANIL SIR CLASS\RunRacePrototype\Library\PackageCache\com.unity.visualscripting@1.7.5\Editor\VisualScripting.Core\Dependencies\DotNetZip\Unity.VisualScripting.IonicZip.dll
Native extension for WindowsStandalone target not found
Refreshing native plugins compatible for Editor in 0.73 ms, found 3 plugins.
Preloading 0 native plugins for Editor in 0.00 ms.
Mono: successfully reloaded assembly
- Completed reload, in  1.810 seconds
Domain Reload Profiling:
	ReloadAssembly (1811ms)
		BeginReloadAssembly (156ms)
			ExecutionOrderSort (0ms)
			DisableScriptedObjects (7ms)
			BackupInstance (0ms)
			ReleaseScriptingObjects (1ms)
			CreateAndSetChildDomain (41ms)
		EndReloadAssembly (1507ms)
			LoadAssemblies (205ms)
			RebuildTransferFunctionScriptingTraits (0ms)
			SetupTypeCache (577ms)
			ReleaseScriptCaches (1ms)
			RebuildScriptCaches (98ms)
			SetupLoadedEditorAssemblies (543ms)
				LogAssemblyErrors (0ms)
				InitializePlatformSupportModulesInManaged (12ms)
				SetLoadedEditorAssemblies (1ms)
				RefreshPlugins (1ms)
				BeforeProcessingInitializeOnLoad (106ms)
				ProcessInitializeOnLoadAttributes (387ms)
				ProcessInitializeOnLoadMethodAttributes (30ms)
				AfterProcessingInitializeOnLoad (6ms)
				EditorAssembliesLoaded (0ms)
			ExecutionOrderSort2 (0ms)
			AwakeInstancesAfterBackupRestoration (6ms)
Platform modules already initialized, skipping
========================================================================
Worker process is ready to serve import requests
Launched and connected shader compiler UnityShaderCompiler.exe after 0.34 seconds
Refreshing native plugins compatible for Editor in 0.95 ms, found 3 plugins.
Preloading 0 native plugins for Editor in 0.00 ms.
Unloading 3224 Unused Serialized files (Serialized files now loaded: 0)
Unloading 26 unused Assets / (112.4 KB). Loaded Objects now: 3680.
Memory consumption went from 112.3 MB to 112.2 MB.
Total: 8.255900 ms (FindLiveObjects: 1.007900 ms CreateObjectMapping: 0.284400 ms MarkObjects: 6.256000 ms  DeleteObjects: 0.699900 ms)

AssetImportParameters requested are different than current active one (requested -> active):
  custom:video-decoder-ogg-theora: a1e56fd34408186e4bbccfd4996cb3dc -> 
  custom:container-muxer-webm: aa71ff27fc2769a1b78a27578f13a17b -> 
  custom:container-demuxer-webm: 4f35f7cbe854078d1ac9338744f61a02 -> 
  custom:video-encoder-webm-vp8: eb34c28f22e8b96e1ab97ce403110664 -> 
  custom:video-codec-MediaFoundation-h265: 746d11721c4dcdbdad8f713fa42b33f4 -> 
  custom:audio-encoder-webm-vorbis: bf7c407c2cedff20999df2af8eb42d56 -> 
  custom:framework-win-MediaFoundation: 216162199b28c13a410421893ffa2e32 -> 
  custom:container-demuxer-ogg: 62fdf1f143b41e24485cea50d1cbac27 -> 
  custom:video-decoder-webm-vp8: 9c59270c3fd7afecdb556c50c9e8de78 -> 
  custom:audio-decoder-ogg-vorbis: bf7c407c2cedff20999df2af8eb42d56 -> 
========================================================================
Received Prepare
Registering precompiled user dll's ...
Registered in 0.006040 seconds.
Begin MonoManager ReloadAssembly
Symbol file LoadedFromMemory doesn't match image C:\Users\engan\OneDrive\Desktop\ANIL SIR CLASS\RunRacePrototype\Library\PackageCache\com.unity.visualscripting@1.7.5\Editor\VisualScripting.Core\Dependencies\YamlDotNet\Unity.VisualScripting.YamlDotNet.dll
Symbol file LoadedFromMemory doesn't match image C:\Users\engan\OneDrive\Desktop\ANIL SIR CLASS\RunRacePrototype\Library\PackageCache\com.unity.visualscripting@1.7.5\Editor\VisualScripting.Core\Dependencies\DotNetZip\Unity.VisualScripting.IonicZip.dll
Native extension for WindowsStandalone target not found
Refreshing native plugins compatible for Editor in 0.60 ms, found 3 plugins.
Preloading 0 native plugins for Editor in 0.00 ms.
Mono: successfully reloaded assembly
- Completed reload, in  1.048 seconds
Domain Reload Profiling:
	ReloadAssembly (1048ms)
		BeginReloadAssembly (157ms)
			ExecutionOrderSort (0ms)
			DisableScriptedObjects (5ms)
			BackupInstance (0ms)
			ReleaseScriptingObjects (0ms)
			CreateAndSetChildDomain (43ms)
		EndReloadAssembly (795ms)
			LoadAssemblies (106ms)
			RebuildTransferFunctionScriptingTraits (0ms)
			SetupTypeCache (292ms)
			ReleaseScriptCaches (1ms)
			RebuildScriptCaches (44ms)
			SetupLoadedEditorAssemblies (317ms)
				LogAssemblyErrors (0ms)
				InitializePlatformSupportModulesInManaged (11ms)
				SetLoadedEditorAssemblies (0ms)
				RefreshPlugins (1ms)
				BeforeProcessingInitializeOnLoad (66ms)
				ProcessInitializeOnLoadAttributes (210ms)
				ProcessInitializeOnLoadMethodAttributes (24ms)
				AfterProcessingInitializeOnLoad (6ms)
				EditorAssembliesLoaded (0ms)
			ExecutionOrderSort2 (0ms)
			AwakeInstancesAfterBackupRestoration (5ms)
Platform modules already initialized, skipping
Refreshing native plugins compatible for Editor in 1.38 ms, found 3 plugins.
Preloading 0 native plugins for Editor in 0.00 ms.
Unloading 3219 Unused Serialized files (Serialized files now loaded: 0)
Unloading 21 unused Assets / (79.3 KB). Loaded Objects now: 3682.
Memory consumption went from 112.3 MB to 112.2 MB.
Total: 3.368800 ms (FindLiveObjects: 0.350500 ms CreateObjectMapping: 0.116800 ms MarkObjects: 2.779600 ms  DeleteObjects: 0.120500 ms)

AssetImportParameters requested are different than current active one (requested -> active):
  custom:video-decoder-ogg-theora: a1e56fd34408186e4bbccfd4996cb3dc -> 
  custom:container-muxer-webm: aa71ff27fc2769a1b78a27578f13a17b -> 
  custom:container-demuxer-webm: 4f35f7cbe854078d1ac9338744f61a02 -> 
  custom:video-encoder-webm-vp8: eb34c28f22e8b96e1ab97ce403110664 -> 
  custom:video-codec-MediaFoundation-h265: 746d11721c4dcdbdad8f713fa42b33f4 -> 
  custom:audio-encoder-webm-vorbis: bf7c407c2cedff20999df2af8eb42d56 -> 
  custom:framework-win-MediaFoundation: 216162199b28c13a410421893ffa2e32 -> 
  custom:container-demuxer-ogg: 62fdf1f143b41e24485cea50d1cbac27 -> 
  custom:video-decoder-webm-vp8: 9c59270c3fd7afecdb556c50c9e8de78 -> 
  custom:audio-decoder-ogg-vorbis: bf7c407c2cedff20999df2af8eb42d56 -> 
========================================================================
Received Import Request.
  Time since last request: 324727.219678 seconds.
  path: Assets/RunRace3D Assets
  artifactKey: Guid(42464b130e24b5944bd1a67718659a8f) Importer(815301076,1909f56bfc062723c751e8b465ee728b)
Start importing Assets/RunRace3D Assets using Guid(42464b130e24b5944bd1a67718659a8f) Importer(815301076,1909f56bfc062723c751e8b465ee728b)  -> (artifact id: 'b22f898be417a010b275ed30862c1eb4') in 0.014855 seconds 
========================================================================
Received Import Request.
  Time since last request: 788.883890 seconds.
  path: Assets/RunRace3D Assets/Fbx
  artifactKey: Guid(f3717172161f1d24f8327d927263e2f6) Importer(815301076,1909f56bfc062723c751e8b465ee728b)
Start importing Assets/RunRace3D Assets/Fbx using Guid(f3717172161f1d24f8327d927263e2f6) Importer(815301076,1909f56bfc062723c751e8b465ee728b)  -> (artifact id: 'af0f3cced659c42ec512e06f22fb899a') in 0.013293 seconds 
========================================================================
Received Import Request.
  Time since last request: 1.050174 seconds.
  path: Assets/RunRace3D Assets/Fbx/Objects
  artifactKey: Guid(2a13adb0bf4081c46992d7c7bd4b092a) Importer(815301076,1909f56bfc062723c751e8b465ee728b)
Start importing Assets/RunRace3D Assets/Fbx/Objects using Guid(2a13adb0bf4081c46992d7c7bd4b092a) Importer(815301076,1909f56bfc062723c751e8b465ee728b)  -> (artifact id: '8411b60c8d2889ee0281a096aaf62180') in 0.025723 seconds 
========================================================================
Received Import Request.
  Time since last request: 0.681229 seconds.
  path: Assets/RunRace3D Assets/Fbx/Objects/objs
  artifactKey: Guid(f62e34eeb88de66488299bcfb7bd6912) Importer(815301076,1909f56bfc062723c751e8b465ee728b)
Start importing Assets/RunRace3D Assets/Fbx/Objects/objs using Guid(f62e34eeb88de66488299bcfb7bd6912) Importer(815301076,1909f56bfc062723c751e8b465ee728b)  -> (artifact id: 'f1941bdf418315ed943acd3b379acd99') in 0.012046 seconds 
========================================================================
Received Import Request.
  Time since last request: 0.054027 seconds.
  path: Assets/RunRace3D Assets/Fbx/Objects/objs/Bed.fbx
  artifactKey: Guid(a6529d435e67b7849bc2469a6ae49ecd) Importer(815301076,1909f56bfc062723c751e8b465ee728b)
Start importing Assets/RunRace3D Assets/Fbx/Objects/objs/Bed.fbx using Guid(a6529d435e67b7849bc2469a6ae49ecd) Importer(815301076,1909f56bfc062723c751e8b465ee728b)  -> (artifact id: '13716d56da04e99dd6c9f2c23af13b9e') in 0.599715 seconds 
========================================================================
Received Import Request.
  Time since last request: 0.000026 seconds.
  path: Assets/RunRace3D Assets/Fbx/Objects/objs/pasted__White1.mat
  artifactKey: Guid(7cdf553988c517b4aa5c6ca98dfef659) Importer(815301076,1909f56bfc062723c751e8b465ee728b)
Start importing Assets/RunRace3D Assets/Fbx/Objects/objs/pasted__White1.mat using Guid(7cdf553988c517b4aa5c6ca98dfef659) Importer(815301076,1909f56bfc062723c751e8b465ee728b)  -> (artifact id: 'edc38f231bffbe819ab16c416923fadc') in 0.025765 seconds 
========================================================================
Received Import Request.
  Time since last request: 0.000113 seconds.
  path: Assets/RunRace3D Assets/Fbx/Objects/objs/Turn_Sharp.fbx
  artifactKey: Guid(8fab29e01b7016c478f8a1e2130f304b) Importer(815301076,1909f56bfc062723c751e8b465ee728b)
Start importing Assets/RunRace3D Assets/Fbx/Objects/objs/Turn_Sharp.fbx using Guid(8fab29e01b7016c478f8a1e2130f304b) Importer(815301076,1909f56bfc062723c751e8b465ee728b)  -> (artifact id: '048372bc33e9d373f0b4b972bb0b8e39') in 0.088179 seconds 
========================================================================
Received Import Request.
  Time since last request: 0.000044 seconds.
  path: Assets/RunRace3D Assets/Fbx/Objects/objs/Turn.fbx
  artifactKey: Guid(61fbc2e6cd26efb45b6afb8a09259faf) Importer(815301076,1909f56bfc062723c751e8b465ee728b)
Start importing Assets/RunRace3D Assets/Fbx/Objects/objs/Turn.fbx using Guid(61fbc2e6cd26efb45b6afb8a09259faf) Importer(815301076,1909f56bfc062723c751e8b465ee728b)  -> (artifact id: 'd6c5e87613182d312ae9ca22504e678d') in 0.119398 seconds 
========================================================================
Received Import Request.
  Time since last request: 0.000097 seconds.
  path: Assets/RunRace3D Assets/Fbx/Objects/objs/Support.fbx
  artifactKey: Guid(779a7f6c8cd344d40889ef88ab4a38c7) Importer(815301076,1909f56bfc062723c751e8b465ee728b)
Start importing Assets/RunRace3D Assets/Fbx/Objects/objs/Support.fbx using Guid(779a7f6c8cd344d40889ef88ab4a38c7) Importer(815301076,1909f56bfc062723c751e8b465ee728b)  -> (artifact id: '6b64dd7da9398b553a1a85ddbd00f6d3') in 0.151739 seconds 
========================================================================
Received Import Request.
  Time since last request: 0.000059 seconds.
  path: Assets/RunRace3D Assets/Fbx/Objects/objs/pasted__lambert6.mat
  artifactKey: Guid(52c64030bbbfc17438c59bd3f54d2376) Importer(815301076,1909f56bfc062723c751e8b465ee728b)
Start importing Assets/RunRace3D Assets/Fbx/Objects/objs/pasted__lambert6.mat using Guid(52c64030bbbfc17438c59bd3f54d2376) Importer(815301076,1909f56bfc062723c751e8b465ee728b)  -> (artifact id: '356ee302e8255ec60aedb556e9daaa7c') in 0.070457 seconds 
========================================================================
Received Import Request.
  Time since last request: 0.000197 seconds.
  path: Assets/RunRace3D Assets/Fbx/Objects/objs/StartEnd.fbx
  artifactKey: Guid(eaf3520628a38e345a713338887fa416) Importer(815301076,1909f56bfc062723c751e8b465ee728b)
Start importing Assets/RunRace3D Assets/Fbx/Objects/objs/StartEnd.fbx using Guid(eaf3520628a38e345a713338887fa416) Importer(815301076,1909f56bfc062723c751e8b465ee728b)  -> (artifact id: '9d870863b011895e6b38daccb50e1085') in 0.138454 seconds 
========================================================================
Received Import Request.
  Time since last request: 0.000194 seconds.
  path: Assets/RunRace3D Assets/Fbx/Objects/objs/Straight.fbx
  artifactKey: Guid(42b9d58a30999a74c877a6fe8f690244) Importer(815301076,1909f56bfc062723c751e8b465ee728b)
Start importing Assets/RunRace3D Assets/Fbx/Objects/objs/Straight.fbx using Guid(42b9d58a30999a74c877a6fe8f690244) Importer(815301076,1909f56bfc062723c751e8b465ee728b)  -> (artifact id: '3b7a01acf949efc14bf27e4648bc5ace') in 0.093472 seconds 
========================================================================
Received Import Request.
  Time since last request: 533.827806 seconds.
  path: Assets/RunRace3D Assets/Fbx/Character/Hanging Idle.fbx
  artifactKey: Guid(c4c9aff86e9fb764c9f9811b70ad9c2e) Importer(815301076,1909f56bfc062723c751e8b465ee728b)
Start importing Assets/RunRace3D Assets/Fbx/Character/Hanging Idle.fbx using Guid(c4c9aff86e9fb764c9f9811b70ad9c2e) Importer(815301076,1909f56bfc062723c751e8b465ee728b)  -> (artifact id: 'd56160d07ba38e5016e960841dc954a0') in 0.149539 seconds 
========================================================================
Received Import Request.
  Time since last request: 0.000085 seconds.
  path: Assets/RunRace3D Assets/Fbx/Character/Running.fbx
  artifactKey: Guid(06e22a7583abf684c93470dbce7fa88d) Importer(815301076,1909f56bfc062723c751e8b465ee728b)
Start importing Assets/RunRace3D Assets/Fbx/Character/Running.fbx using Guid(06e22a7583abf684c93470dbce7fa88d) Importer(815301076,1909f56bfc062723c751e8b465ee728b)  -> (artifact id: 'a51f664fb9435de46bbd2bd958e04ce8') in 0.136791 seconds 
========================================================================
Received Import Request.
  Time since last request: 0.000126 seconds.
  path: Assets/RunRace3D Assets/Fbx/Character/Running Forward Flip.fbx
  artifactKey: Guid(6bd68762a7d11464e880be62c8048bcc) Importer(815301076,1909f56bfc062723c751e8b465ee728b)
Start importing Assets/RunRace3D Assets/Fbx/Character/Running Forward Flip.fbx using Guid(6bd68762a7d11464e880be62c8048bcc) Importer(815301076,1909f56bfc062723c751e8b465ee728b)  -> (artifact id: 'da0462a54ae19c7d7a56c9856e3ff2aa') in 0.145065 seconds 
========================================================================
Received Import Request.
  Time since last request: 645.932382 seconds.
  path: Assets/Scripts
  artifactKey: Guid(f89f682f6ff0ca34b8772a6ebec5725c) Importer(815301076,1909f56bfc062723c751e8b465ee728b)
Start importing Assets/Scripts using Guid(f89f682f6ff0ca34b8772a6ebec5725c) Importer(815301076,1909f56bfc062723c751e8b465ee728b)  -> (artifact id: '48edb805d84c83f93da6c34b693eb8ad') in 0.013092 seconds 
